<?xml version="1.0" encoding="UTF-8"?>
<testsuite name="entity.RoundScoreTest" tests="1" skipped="0" failures="0" errors="0" timestamp="2021-08-14T16:42:52" hostname="JohnPoosMacbook" time="0.032">
  <properties/>
  <testcase name="scoreCannotBeHigherThanTen()" classname="entity.RoundScoreTest" time="0.032"/>
  <system-out><![CDATA[]]></system-out>
  <system-err><![CDATA[]]></system-err>
</testsuite>
